<?xml version="1.0" encoding="UTF-8"?>
<robot generator="Robot 7.2.2 (Python 3.9.13 on darwin)" generated="2025-03-24T17:38:13.275988" rpa="false" schemaversion="5">
<suite id="s1" name="Browser Demo" source="/Users/hennatuovinen/Documents/hyte-web/vite-project/tests/browser_demo.robot">
<test id="s1-t1" name="Test Web Form" line="6">
<kw name="New Browser" owner="Browser">
<msg time="2025-03-24T17:38:15.711216" level="INFO">{"browser": "chromium", "headless": false, "chromiumSandbox": false, "devtools": false, "handleSIGHUP": true, "handleSIGINT": true, "handleSIGTERM": true, "slowMo": 0.0, "timeout": 30000.0, "tracesDir": "/Users/hennatuovinen/Documents/hyte-web/vite-project/browser/traces/temp/153d843c-fe90-42ce-9785-d762298e9ba4"}</msg>
<msg time="2025-03-24T17:38:15.962750" level="INFO">Starting Browser process /Library/Frameworks/Python.framework/Versions/3.9/lib/python3.9/site-packages/Browser/wrapper/index.js using port 61172</msg>
<msg time="2025-03-24T17:38:15.963319" level="INFO">Node startup parameters: ['node', '/Library/Frameworks/Python.framework/Versions/3.9/lib/python3.9/site-packages/Browser/wrapper/index.js', '61172']</msg>
<msg time="2025-03-24T17:38:29.705638" level="INFO">Successfully created browser with options: {"browser":"chromium","headless":false,"chromiumSandbox":false,"devtools":false,"handleSIGHUP":true,"handleSIGINT":true,"handleSIGTERM":true,"slowMo":0,"timeout":30000,"tracesDir":"/Users/hennatuovinen/Documents/hyte-web/vite-project/browser/traces/temp/153d843c-fe90-42ce-9785-d762298e9ba4"}</msg>
<arg>chromium</arg>
<arg>headless=No</arg>
<tag>BrowserControl</tag>
<tag>Setter</tag>
<doc>Create a new playwright Browser with specified options.</doc>
<status status="PASS" start="2025-03-24T17:38:15.705844" elapsed="14.002124"/>
</kw>
<kw name="New Page" owner="Browser">
<msg time="2025-03-24T17:38:32.469084" level="INFO">Successfully initialized new page object and opened url: https://www.selenium.dev/selenium/web/web-form.html</msg>
<msg time="2025-03-24T17:38:32.469284" level="INFO">No context was open. New context was automatically opened when this page is created.</msg>
<arg>https://www.selenium.dev/selenium/web/web-form.html</arg>
<tag>BrowserControl</tag>
<tag>Setter</tag>
<doc>Open a new Page.</doc>
<status status="PASS" start="2025-03-24T17:38:29.724365" elapsed="2.746623"/>
</kw>
<kw name="Get Title" owner="Browser">
<msg time="2025-03-24T17:38:32.498222" level="INFO">Title: 'Web form'</msg>
<arg>==</arg>
<arg>Web form</arg>
<tag>Assertion</tag>
<tag>Getter</tag>
<tag>PageContent</tag>
<doc>Returns the title of the current page.</doc>
<status status="PASS" start="2025-03-24T17:38:32.471660" elapsed="0.026773"/>
</kw>
<kw name="Type Text" owner="Browser">
<msg time="2025-03-24T17:38:32.500479" level="INFO">Types the text 'somebody@example.com' in the given field.</msg>
<arg>[name="my-text"]</arg>
<arg>${Username}</arg>
<arg>delay=0.1 s</arg>
<tag>PageContent</tag>
<tag>Setter</tag>
<doc>Types the given ``txt`` into the text field found by ``selector``.</doc>
<status status="PASS" start="2025-03-24T17:38:32.499000" elapsed="2.226672"/>
</kw>
<kw name="Type Secret" owner="Browser">
<arg>[name="my-password"]</arg>
<arg>$Password</arg>
<arg>delay=0.1 s</arg>
<tag>PageContent</tag>
<tag>Setter</tag>
<doc>Types the given secret from ``variable_name`` into the text field
found by ``selector``.</doc>
<status status="PASS" start="2025-03-24T17:38:34.726670" elapsed="1.353702"/>
</kw>
<kw name="Type Text" owner="Browser">
<msg time="2025-03-24T17:38:36.088027" level="INFO">Types the text 'Hello, Robot Framework!
How are you today?' in the given field.</msg>
<arg>[name="my-textarea"]</arg>
<arg>${Message}</arg>
<arg>delay=0.1 s</arg>
<tag>PageContent</tag>
<tag>Setter</tag>
<doc>Types the given ``txt`` into the text field found by ``selector``.</doc>
<status status="PASS" start="2025-03-24T17:38:36.081517" elapsed="4.624927"/>
</kw>
<kw name="Click With Options" owner="Browser">
<msg time="2025-03-24T17:38:40.709426" level="INFO">Clicks the element 'button'.</msg>
<arg>button</arg>
<arg>delay=2 s</arg>
<tag>PageContent</tag>
<tag>Setter</tag>
<doc>Simulates mouse click on the element found by ``selector``.</doc>
<status status="PASS" start="2025-03-24T17:38:40.707455" elapsed="2.261948"/>
</kw>
<kw name="Get Text" owner="Browser">
<msg time="2025-03-24T17:38:43.030599" level="INFO">Text: 'Received!'</msg>
<arg>id=message</arg>
<arg>==</arg>
<arg>Received!</arg>
<tag>Assertion</tag>
<tag>Getter</tag>
<tag>PageContent</tag>
<doc>Returns text attribute of the element found by ``selector``.</doc>
<status status="PASS" start="2025-03-24T17:38:42.970138" elapsed="0.060762"/>
</kw>
<msg time="2025-03-24T17:38:43.036809" level="INFO">Set timeout to: 10000</msg>
<status status="PASS" start="2025-03-24T17:38:15.697591" elapsed="27.333922"/>
</test>
<status status="PASS" start="2025-03-24T17:38:13.283237" elapsed="29.757466"/>
</suite>
<statistics>
<total>
<stat pass="1" fail="0" skip="0">All Tests</stat>
</total>
<tag>
</tag>
<suite>
<stat name="Browser Demo" id="s1" pass="1" fail="0" skip="0">Browser Demo</stat>
</suite>
</statistics>
<errors>
</errors>
</robot>
